Compiled jquery.js  (6ms)  (pid 3868)
Compiled jquery_ujs.js  (3ms)  (pid 3868)
Compiled bootstrap-transition.js  (0ms)  (pid 3868)
Compiled bootstrap-affix.js  (2ms)  (pid 3868)
Compiled bootstrap-alert.js  (1ms)  (pid 3868)
Compiled bootstrap-button.js  (0ms)  (pid 3868)
Compiled bootstrap-carousel.js  (1ms)  (pid 3868)
Compiled bootstrap-collapse.js  (1ms)  (pid 3868)
Compiled bootstrap-dropdown.js  (0ms)  (pid 3868)
Compiled bootstrap-modal.js  (1ms)  (pid 3868)
Compiled bootstrap-scrollspy.js  (0ms)  (pid 3868)
Compiled bootstrap-tab.js  (3ms)  (pid 3868)
Compiled bootstrap-tooltip.js  (1ms)  (pid 3868)
Compiled bootstrap-popover.js  (2ms)  (pid 3868)
Compiled bootstrap-typeahead.js  (2ms)  (pid 3868)
Compiled bootstrap.js  (878ms)  (pid 3868)
Compiled bootstrap-datepicker/core.js  (1ms)  (pid 3868)
Compiled bootstrap-datepicker/locales/bootstrap-datepicker.bg.js  (0ms)  (pid 3868)
Compiled bootstrap-datepicker/locales/bootstrap-datepicker.br.js  (0ms)  (pid 3868)
Compiled bootstrap-datepicker/locales/bootstrap-datepicker.cs.js  (0ms)  (pid 3868)
Compiled bootstrap-datepicker/locales/bootstrap-datepicker.da.js  (0ms)  (pid 3868)
Compiled bootstrap-datepicker/locales/bootstrap-datepicker.de.js  (1ms)  (pid 3868)
Compiled bootstrap-datepicker/locales/bootstrap-datepicker.es.js  (0ms)  (pid 3868)
Compiled bootstrap-datepicker/locales/bootstrap-datepicker.fi.js  (1ms)  (pid 3868)
Compiled bootstrap-datepicker/locales/bootstrap-datepicker.fr.js  (1ms)  (pid 3868)
Compiled bootstrap-datepicker/locales/bootstrap-datepicker.id.js  (0ms)  (pid 3868)
Compiled bootstrap-datepicker/locales/bootstrap-datepicker.is.js  (0ms)  (pid 3868)
Compiled bootstrap-datepicker/locales/bootstrap-datepicker.it.js  (0ms)  (pid 3868)
Compiled bootstrap-datepicker/locales/bootstrap-datepicker.ja.js  (0ms)  (pid 3868)
Compiled bootstrap-datepicker/locales/bootstrap-datepicker.kr.js  (0ms)  (pid 3868)
Compiled bootstrap-datepicker/locales/bootstrap-datepicker.lt.js  (0ms)  (pid 3868)
Compiled bootstrap-datepicker/locales/bootstrap-datepicker.lv.js  (0ms)  (pid 3868)
Compiled bootstrap-datepicker/locales/bootstrap-datepicker.ms.js  (1ms)  (pid 3868)
Compiled bootstrap-datepicker/locales/bootstrap-datepicker.nb.js  (0ms)  (pid 3868)
Compiled bootstrap-datepicker/locales/bootstrap-datepicker.nl.js  (0ms)  (pid 3868)
Compiled bootstrap-datepicker/locales/bootstrap-datepicker.pl.js  (0ms)  (pid 3868)
Compiled bootstrap-datepicker/locales/bootstrap-datepicker.pt-BR.js  (0ms)  (pid 3868)
Compiled bootstrap-datepicker/locales/bootstrap-datepicker.pt.js  (1ms)  (pid 3868)
Compiled bootstrap-datepicker/locales/bootstrap-datepicker.ru.js  (0ms)  (pid 3868)
Compiled bootstrap-datepicker/locales/bootstrap-datepicker.sl.js  (0ms)  (pid 3868)
Compiled bootstrap-datepicker/locales/bootstrap-datepicker.sv.js  (0ms)  (pid 3868)
Compiled bootstrap-datepicker/locales/bootstrap-datepicker.th.js  (0ms)  (pid 3868)
Compiled bootstrap-datepicker/locales/bootstrap-datepicker.tr.js  (0ms)  (pid 3868)
Compiled bootstrap-datepicker/locales/bootstrap-datepicker.zh-CN.js  (1ms)  (pid 3868)
Compiled bootstrap-datepicker/locales/bootstrap-datepicker.zh-TW.js  (0ms)  (pid 3868)
Compiled bootstrap-datepicker/index.js  (602ms)  (pid 3868)
Compiled tinymce/preinit.js  (0ms)  (pid 3868)
Compiled tinymce/tiny_mce_src.js  (5ms)  (pid 3868)
Compiled tinymce.js  (101ms)  (pid 3868)
Compiled application.js  (1777ms)  (pid 3868)
Compiled bootstrap-datepicker.css  (0ms)  (pid 3868)
Compiled custom.css  (2334ms)  (pid 3868)
Compiled tinymce.css  (3ms)  (pid 3868)
Compiled application.css  (2388ms)  (pid 3868)
Compiled jquery.js  (19ms)  (pid 3384)
Compiled jquery_ujs.js  (1ms)  (pid 3384)
Compiled bootstrap-transition.js  (0ms)  (pid 3384)
Compiled bootstrap-affix.js  (0ms)  (pid 3384)
Compiled bootstrap-alert.js  (1ms)  (pid 3384)
Compiled bootstrap-button.js  (1ms)  (pid 3384)
Compiled bootstrap-carousel.js  (0ms)  (pid 3384)
Compiled bootstrap-collapse.js  (0ms)  (pid 3384)
Compiled bootstrap-dropdown.js  (0ms)  (pid 3384)
Compiled bootstrap-modal.js  (0ms)  (pid 3384)
Compiled bootstrap-scrollspy.js  (1ms)  (pid 3384)
Compiled bootstrap-tab.js  (0ms)  (pid 3384)
Compiled bootstrap-tooltip.js  (1ms)  (pid 3384)
Compiled bootstrap-popover.js  (0ms)  (pid 3384)
Compiled bootstrap-typeahead.js  (1ms)  (pid 3384)
Compiled bootstrap.js  (204ms)  (pid 3384)
Compiled bootstrap-datepicker/core.js  (0ms)  (pid 3384)
Compiled bootstrap-datepicker/locales/bootstrap-datepicker.bg.js  (2ms)  (pid 3384)
Compiled bootstrap-datepicker/locales/bootstrap-datepicker.br.js  (0ms)  (pid 3384)
Compiled bootstrap-datepicker/locales/bootstrap-datepicker.cs.js  (0ms)  (pid 3384)
Compiled bootstrap-datepicker/locales/bootstrap-datepicker.da.js  (0ms)  (pid 3384)
Compiled bootstrap-datepicker/locales/bootstrap-datepicker.de.js  (1ms)  (pid 3384)
Compiled bootstrap-datepicker/locales/bootstrap-datepicker.es.js  (0ms)  (pid 3384)
Compiled bootstrap-datepicker/locales/bootstrap-datepicker.fi.js  (0ms)  (pid 3384)
Compiled bootstrap-datepicker/locales/bootstrap-datepicker.fr.js  (0ms)  (pid 3384)
Compiled bootstrap-datepicker/locales/bootstrap-datepicker.id.js  (0ms)  (pid 3384)
Compiled bootstrap-datepicker/locales/bootstrap-datepicker.is.js  (0ms)  (pid 3384)
Compiled bootstrap-datepicker/locales/bootstrap-datepicker.it.js  (0ms)  (pid 3384)
Compiled bootstrap-datepicker/locales/bootstrap-datepicker.ja.js  (1ms)  (pid 3384)
Compiled bootstrap-datepicker/locales/bootstrap-datepicker.kr.js  (0ms)  (pid 3384)
Compiled bootstrap-datepicker/locales/bootstrap-datepicker.lt.js  (0ms)  (pid 3384)
Compiled bootstrap-datepicker/locales/bootstrap-datepicker.lv.js  (0ms)  (pid 3384)
Compiled bootstrap-datepicker/locales/bootstrap-datepicker.ms.js  (0ms)  (pid 3384)
Compiled bootstrap-datepicker/locales/bootstrap-datepicker.nb.js  (0ms)  (pid 3384)
Compiled bootstrap-datepicker/locales/bootstrap-datepicker.nl.js  (0ms)  (pid 3384)
Compiled bootstrap-datepicker/locales/bootstrap-datepicker.pl.js  (0ms)  (pid 3384)
Compiled bootstrap-datepicker/locales/bootstrap-datepicker.pt-BR.js  (1ms)  (pid 3384)
Compiled bootstrap-datepicker/locales/bootstrap-datepicker.pt.js  (0ms)  (pid 3384)
Compiled bootstrap-datepicker/locales/bootstrap-datepicker.ru.js  (0ms)  (pid 3384)
Compiled bootstrap-datepicker/locales/bootstrap-datepicker.sl.js  (1ms)  (pid 3384)
Compiled bootstrap-datepicker/locales/bootstrap-datepicker.sv.js  (0ms)  (pid 3384)
Compiled bootstrap-datepicker/locales/bootstrap-datepicker.th.js  (0ms)  (pid 3384)
Compiled bootstrap-datepicker/locales/bootstrap-datepicker.tr.js  (0ms)  (pid 3384)
Compiled bootstrap-datepicker/locales/bootstrap-datepicker.zh-CN.js  (0ms)  (pid 3384)
Compiled bootstrap-datepicker/locales/bootstrap-datepicker.zh-TW.js  (0ms)  (pid 3384)
Compiled bootstrap-datepicker/index.js  (408ms)  (pid 3384)
Compiled tinymce/preinit.js  (0ms)  (pid 3384)
Compiled tinymce/tiny_mce_src.js  (6ms)  (pid 3384)
Compiled tinymce.js  (36ms)  (pid 3384)
Compiled application.js  (790ms)  (pid 3384)
Compiled bootstrap-datepicker.css  (0ms)  (pid 3384)
Compiled custom.css  (2009ms)  (pid 3384)
Compiled tinymce.css  (3ms)  (pid 3384)
Compiled application.css  (2124ms)  (pid 3384)
Compiled jquery.js  (21ms)  (pid 5420)
Compiled jquery_ujs.js  (0ms)  (pid 5420)
Compiled bootstrap-transition.js  (0ms)  (pid 5420)
Compiled bootstrap-affix.js  (1ms)  (pid 5420)
Compiled bootstrap-alert.js  (1ms)  (pid 5420)
Compiled bootstrap-button.js  (1ms)  (pid 5420)
Compiled bootstrap-carousel.js  (0ms)  (pid 5420)
Compiled bootstrap-collapse.js  (0ms)  (pid 5420)
Compiled bootstrap-dropdown.js  (0ms)  (pid 5420)
Compiled bootstrap-modal.js  (0ms)  (pid 5420)
Compiled bootstrap-scrollspy.js  (0ms)  (pid 5420)
Compiled bootstrap-tab.js  (0ms)  (pid 5420)
Compiled bootstrap-tooltip.js  (0ms)  (pid 5420)
Compiled bootstrap-popover.js  (2ms)  (pid 5420)
Compiled bootstrap-typeahead.js  (0ms)  (pid 5420)
Compiled bootstrap.js  (188ms)  (pid 5420)
Compiled bootstrap-datepicker/core.js  (0ms)  (pid 5420)
Compiled bootstrap-datepicker/locales/bootstrap-datepicker.bg.js  (0ms)  (pid 5420)
Compiled bootstrap-datepicker/locales/bootstrap-datepicker.br.js  (1ms)  (pid 5420)
Compiled bootstrap-datepicker/locales/bootstrap-datepicker.cs.js  (1ms)  (pid 5420)
Compiled bootstrap-datepicker/locales/bootstrap-datepicker.da.js  (1ms)  (pid 5420)
Compiled bootstrap-datepicker/locales/bootstrap-datepicker.de.js  (2ms)  (pid 5420)
Compiled bootstrap-datepicker/locales/bootstrap-datepicker.es.js  (0ms)  (pid 5420)
Compiled bootstrap-datepicker/locales/bootstrap-datepicker.fi.js  (2ms)  (pid 5420)
Compiled bootstrap-datepicker/locales/bootstrap-datepicker.fr.js  (0ms)  (pid 5420)
Compiled bootstrap-datepicker/locales/bootstrap-datepicker.id.js  (0ms)  (pid 5420)
Compiled bootstrap-datepicker/locales/bootstrap-datepicker.is.js  (1ms)  (pid 5420)
Compiled bootstrap-datepicker/locales/bootstrap-datepicker.it.js  (0ms)  (pid 5420)
Compiled bootstrap-datepicker/locales/bootstrap-datepicker.ja.js  (0ms)  (pid 5420)
Compiled bootstrap-datepicker/locales/bootstrap-datepicker.kr.js  (0ms)  (pid 5420)
Compiled bootstrap-datepicker/locales/bootstrap-datepicker.lt.js  (0ms)  (pid 5420)
Compiled bootstrap-datepicker/locales/bootstrap-datepicker.lv.js  (1ms)  (pid 5420)
Compiled bootstrap-datepicker/locales/bootstrap-datepicker.ms.js  (0ms)  (pid 5420)
Compiled bootstrap-datepicker/locales/bootstrap-datepicker.nb.js  (0ms)  (pid 5420)
Compiled bootstrap-datepicker/locales/bootstrap-datepicker.nl.js  (0ms)  (pid 5420)
Compiled bootstrap-datepicker/locales/bootstrap-datepicker.pl.js  (0ms)  (pid 5420)
Compiled bootstrap-datepicker/locales/bootstrap-datepicker.pt-BR.js  (0ms)  (pid 5420)
Compiled bootstrap-datepicker/locales/bootstrap-datepicker.pt.js  (1ms)  (pid 5420)
Compiled bootstrap-datepicker/locales/bootstrap-datepicker.ru.js  (2ms)  (pid 5420)
Compiled bootstrap-datepicker/locales/bootstrap-datepicker.sl.js  (0ms)  (pid 5420)
Compiled bootstrap-datepicker/locales/bootstrap-datepicker.sv.js  (2ms)  (pid 5420)
Compiled bootstrap-datepicker/locales/bootstrap-datepicker.th.js  (1ms)  (pid 5420)
Compiled bootstrap-datepicker/locales/bootstrap-datepicker.tr.js  (1ms)  (pid 5420)
Compiled bootstrap-datepicker/locales/bootstrap-datepicker.zh-CN.js  (0ms)  (pid 5420)
Compiled bootstrap-datepicker/locales/bootstrap-datepicker.zh-TW.js  (0ms)  (pid 5420)
Compiled bootstrap-datepicker/index.js  (461ms)  (pid 5420)
Compiled tinymce/preinit.js  (0ms)  (pid 5420)
Compiled tinymce/tiny_mce_src.js  (6ms)  (pid 5420)
Compiled tinymce.js  (48ms)  (pid 5420)
Compiled application.js  (828ms)  (pid 5420)
Compiled bootstrap-datepicker.css  (0ms)  (pid 5420)
Compiled custom.css  (1209ms)  (pid 5420)
Compiled tinymce.css  (2ms)  (pid 5420)
Compiled application.css  (1231ms)  (pid 5420)
Compiled jquery.js  (18ms)  (pid 5184)
Compiled jquery_ujs.js  (0ms)  (pid 5184)
Compiled bootstrap-transition.js  (0ms)  (pid 5184)
Compiled bootstrap-affix.js  (0ms)  (pid 5184)
Compiled bootstrap-alert.js  (1ms)  (pid 5184)
Compiled bootstrap-button.js  (0ms)  (pid 5184)
Compiled bootstrap-carousel.js  (0ms)  (pid 5184)
Compiled bootstrap-collapse.js  (0ms)  (pid 5184)
Compiled bootstrap-dropdown.js  (0ms)  (pid 5184)
Compiled bootstrap-modal.js  (1ms)  (pid 5184)
Compiled bootstrap-scrollspy.js  (1ms)  (pid 5184)
Compiled bootstrap-tab.js  (0ms)  (pid 5184)
Compiled bootstrap-tooltip.js  (0ms)  (pid 5184)
Compiled bootstrap-popover.js  (0ms)  (pid 5184)
Compiled bootstrap-typeahead.js  (1ms)  (pid 5184)
Compiled bootstrap.js  (175ms)  (pid 5184)
Compiled bootstrap-datepicker/core.js  (0ms)  (pid 5184)
Compiled bootstrap-datepicker/locales/bootstrap-datepicker.bg.js  (0ms)  (pid 5184)
Compiled bootstrap-datepicker/locales/bootstrap-datepicker.br.js  (0ms)  (pid 5184)
Compiled bootstrap-datepicker/locales/bootstrap-datepicker.cs.js  (0ms)  (pid 5184)
Compiled bootstrap-datepicker/locales/bootstrap-datepicker.da.js  (0ms)  (pid 5184)
Compiled bootstrap-datepicker/locales/bootstrap-datepicker.de.js  (0ms)  (pid 5184)
Compiled bootstrap-datepicker/locales/bootstrap-datepicker.es.js  (0ms)  (pid 5184)
Compiled bootstrap-datepicker/locales/bootstrap-datepicker.fi.js  (0ms)  (pid 5184)
Compiled bootstrap-datepicker/locales/bootstrap-datepicker.fr.js  (0ms)  (pid 5184)
Compiled bootstrap-datepicker/locales/bootstrap-datepicker.id.js  (0ms)  (pid 5184)
Compiled bootstrap-datepicker/locales/bootstrap-datepicker.is.js  (0ms)  (pid 5184)
Compiled bootstrap-datepicker/locales/bootstrap-datepicker.it.js  (1ms)  (pid 5184)
Compiled bootstrap-datepicker/locales/bootstrap-datepicker.ja.js  (0ms)  (pid 5184)
Compiled bootstrap-datepicker/locales/bootstrap-datepicker.kr.js  (0ms)  (pid 5184)
Compiled bootstrap-datepicker/locales/bootstrap-datepicker.lt.js  (0ms)  (pid 5184)
Compiled bootstrap-datepicker/locales/bootstrap-datepicker.lv.js  (0ms)  (pid 5184)
Compiled bootstrap-datepicker/locales/bootstrap-datepicker.ms.js  (0ms)  (pid 5184)
Compiled bootstrap-datepicker/locales/bootstrap-datepicker.nb.js  (1ms)  (pid 5184)
Compiled bootstrap-datepicker/locales/bootstrap-datepicker.nl.js  (0ms)  (pid 5184)
Compiled bootstrap-datepicker/locales/bootstrap-datepicker.pl.js  (0ms)  (pid 5184)
Compiled bootstrap-datepicker/locales/bootstrap-datepicker.pt-BR.js  (0ms)  (pid 5184)
Compiled bootstrap-datepicker/locales/bootstrap-datepicker.pt.js  (0ms)  (pid 5184)
Compiled bootstrap-datepicker/locales/bootstrap-datepicker.ru.js  (2ms)  (pid 5184)
Compiled bootstrap-datepicker/locales/bootstrap-datepicker.sl.js  (0ms)  (pid 5184)
Compiled bootstrap-datepicker/locales/bootstrap-datepicker.sv.js  (0ms)  (pid 5184)
Compiled bootstrap-datepicker/locales/bootstrap-datepicker.th.js  (1ms)  (pid 5184)
Compiled bootstrap-datepicker/locales/bootstrap-datepicker.tr.js  (1ms)  (pid 5184)
Compiled bootstrap-datepicker/locales/bootstrap-datepicker.zh-CN.js  (0ms)  (pid 5184)
Compiled bootstrap-datepicker/locales/bootstrap-datepicker.zh-TW.js  (1ms)  (pid 5184)
Compiled bootstrap-datepicker/index.js  (425ms)  (pid 5184)
Compiled tinymce/preinit.js  (0ms)  (pid 5184)
Compiled tinymce/tiny_mce_src.js  (6ms)  (pid 5184)
Compiled tinymce.js  (31ms)  (pid 5184)
Compiled application.js  (713ms)  (pid 5184)
Compiled bootstrap-datepicker.css  (0ms)  (pid 5184)
Compiled custom.css  (948ms)  (pid 5184)
Compiled tinymce.css  (1ms)  (pid 5184)
Compiled application.css  (969ms)  (pid 5184)
Compiled jquery.js  (21ms)  (pid 1296)
Compiled jquery_ujs.js  (1ms)  (pid 1296)
Compiled bootstrap-transition.js  (1ms)  (pid 1296)
Compiled bootstrap-affix.js  (0ms)  (pid 1296)
Compiled bootstrap-alert.js  (1ms)  (pid 1296)
Compiled bootstrap-button.js  (0ms)  (pid 1296)
Compiled bootstrap-carousel.js  (0ms)  (pid 1296)
Compiled bootstrap-collapse.js  (1ms)  (pid 1296)
Compiled bootstrap-dropdown.js  (0ms)  (pid 1296)
Compiled bootstrap-modal.js  (0ms)  (pid 1296)
Compiled bootstrap-scrollspy.js  (0ms)  (pid 1296)
Compiled bootstrap-tab.js  (0ms)  (pid 1296)
Compiled bootstrap-tooltip.js  (0ms)  (pid 1296)
Compiled bootstrap-popover.js  (0ms)  (pid 1296)
Compiled bootstrap-typeahead.js  (0ms)  (pid 1296)
Compiled bootstrap.js  (173ms)  (pid 1296)
Compiled bootstrap-datepicker/core.js  (1ms)  (pid 1296)
Compiled bootstrap-datepicker/locales/bootstrap-datepicker.bg.js  (0ms)  (pid 1296)
Compiled bootstrap-datepicker/locales/bootstrap-datepicker.br.js  (0ms)  (pid 1296)
Compiled bootstrap-datepicker/locales/bootstrap-datepicker.cs.js  (1ms)  (pid 1296)
Compiled bootstrap-datepicker/locales/bootstrap-datepicker.da.js  (1ms)  (pid 1296)
Compiled bootstrap-datepicker/locales/bootstrap-datepicker.de.js  (0ms)  (pid 1296)
Compiled bootstrap-datepicker/locales/bootstrap-datepicker.es.js  (0ms)  (pid 1296)
Compiled bootstrap-datepicker/locales/bootstrap-datepicker.fi.js  (0ms)  (pid 1296)
Compiled bootstrap-datepicker/locales/bootstrap-datepicker.fr.js  (0ms)  (pid 1296)
Compiled bootstrap-datepicker/locales/bootstrap-datepicker.id.js  (1ms)  (pid 1296)
Compiled bootstrap-datepicker/locales/bootstrap-datepicker.is.js  (1ms)  (pid 1296)
Compiled bootstrap-datepicker/locales/bootstrap-datepicker.it.js  (0ms)  (pid 1296)
Compiled bootstrap-datepicker/locales/bootstrap-datepicker.ja.js  (0ms)  (pid 1296)
Compiled bootstrap-datepicker/locales/bootstrap-datepicker.kr.js  (0ms)  (pid 1296)
Compiled bootstrap-datepicker/locales/bootstrap-datepicker.lt.js  (0ms)  (pid 1296)
Compiled bootstrap-datepicker/locales/bootstrap-datepicker.lv.js  (1ms)  (pid 1296)
Compiled bootstrap-datepicker/locales/bootstrap-datepicker.ms.js  (0ms)  (pid 1296)
Compiled bootstrap-datepicker/locales/bootstrap-datepicker.nb.js  (0ms)  (pid 1296)
Compiled bootstrap-datepicker/locales/bootstrap-datepicker.nl.js  (1ms)  (pid 1296)
Compiled bootstrap-datepicker/locales/bootstrap-datepicker.pl.js  (1ms)  (pid 1296)
Compiled bootstrap-datepicker/locales/bootstrap-datepicker.pt-BR.js  (0ms)  (pid 1296)
Compiled bootstrap-datepicker/locales/bootstrap-datepicker.pt.js  (0ms)  (pid 1296)
Compiled bootstrap-datepicker/locales/bootstrap-datepicker.ru.js  (1ms)  (pid 1296)
Compiled bootstrap-datepicker/locales/bootstrap-datepicker.sl.js  (0ms)  (pid 1296)
Compiled bootstrap-datepicker/locales/bootstrap-datepicker.sv.js  (0ms)  (pid 1296)
Compiled bootstrap-datepicker/locales/bootstrap-datepicker.th.js  (1ms)  (pid 1296)
Compiled bootstrap-datepicker/locales/bootstrap-datepicker.tr.js  (0ms)  (pid 1296)
Compiled bootstrap-datepicker/locales/bootstrap-datepicker.zh-CN.js  (0ms)  (pid 1296)
Compiled bootstrap-datepicker/locales/bootstrap-datepicker.zh-TW.js  (0ms)  (pid 1296)
Compiled bootstrap-datepicker/index.js  (332ms)  (pid 1296)
Compiled tinymce/preinit.js  (2ms)  (pid 1296)
Compiled tinymce/tiny_mce_src.js  (27ms)  (pid 1296)
Compiled tinymce.js  (71ms)  (pid 1296)
Compiled application.js  (914ms)  (pid 1296)
Compiled bootstrap-datepicker.css  (0ms)  (pid 1296)
Compiled custom.css  (1834ms)  (pid 1296)
Compiled print.css  (5ms)  (pid 1296)
Compiled tinymce.css  (2ms)  (pid 1296)
Compiled application.css  (1876ms)  (pid 1296)
Compiled jquery.js  (19ms)  (pid 6724)
Compiled jquery_ujs.js  (0ms)  (pid 6724)
Compiled bootstrap-transition.js  (0ms)  (pid 6724)
Compiled bootstrap-affix.js  (0ms)  (pid 6724)
Compiled bootstrap-alert.js  (0ms)  (pid 6724)
Compiled bootstrap-button.js  (0ms)  (pid 6724)
Compiled bootstrap-carousel.js  (1ms)  (pid 6724)
Compiled bootstrap-collapse.js  (1ms)  (pid 6724)
Compiled bootstrap-dropdown.js  (0ms)  (pid 6724)
Compiled bootstrap-modal.js  (0ms)  (pid 6724)
Compiled bootstrap-scrollspy.js  (0ms)  (pid 6724)
Compiled bootstrap-tab.js  (0ms)  (pid 6724)
Compiled bootstrap-tooltip.js  (1ms)  (pid 6724)
Compiled bootstrap-popover.js  (0ms)  (pid 6724)
Compiled bootstrap-typeahead.js  (0ms)  (pid 6724)
Compiled bootstrap.js  (183ms)  (pid 6724)
Compiled bootstrap-datepicker/core.js  (1ms)  (pid 6724)
Compiled bootstrap-datepicker/locales/bootstrap-datepicker.bg.js  (0ms)  (pid 6724)
Compiled bootstrap-datepicker/locales/bootstrap-datepicker.br.js  (16ms)  (pid 6724)
Compiled bootstrap-datepicker/locales/bootstrap-datepicker.cs.js  (1ms)  (pid 6724)
Compiled bootstrap-datepicker/locales/bootstrap-datepicker.da.js  (0ms)  (pid 6724)
Compiled bootstrap-datepicker/locales/bootstrap-datepicker.de.js  (1ms)  (pid 6724)
Compiled bootstrap-datepicker/locales/bootstrap-datepicker.es.js  (0ms)  (pid 6724)
Compiled bootstrap-datepicker/locales/bootstrap-datepicker.fi.js  (0ms)  (pid 6724)
Compiled bootstrap-datepicker/locales/bootstrap-datepicker.fr.js  (1ms)  (pid 6724)
Compiled bootstrap-datepicker/locales/bootstrap-datepicker.id.js  (1ms)  (pid 6724)
Compiled bootstrap-datepicker/locales/bootstrap-datepicker.is.js  (0ms)  (pid 6724)
Compiled bootstrap-datepicker/locales/bootstrap-datepicker.it.js  (0ms)  (pid 6724)
Compiled bootstrap-datepicker/locales/bootstrap-datepicker.ja.js  (1ms)  (pid 6724)
Compiled bootstrap-datepicker/locales/bootstrap-datepicker.kr.js  (0ms)  (pid 6724)
Compiled bootstrap-datepicker/locales/bootstrap-datepicker.lt.js  (1ms)  (pid 6724)
Compiled bootstrap-datepicker/locales/bootstrap-datepicker.lv.js  (1ms)  (pid 6724)
Compiled bootstrap-datepicker/locales/bootstrap-datepicker.ms.js  (0ms)  (pid 6724)
Compiled bootstrap-datepicker/locales/bootstrap-datepicker.nb.js  (0ms)  (pid 6724)
Compiled bootstrap-datepicker/locales/bootstrap-datepicker.nl.js  (0ms)  (pid 6724)
Compiled bootstrap-datepicker/locales/bootstrap-datepicker.pl.js  (0ms)  (pid 6724)
Compiled bootstrap-datepicker/locales/bootstrap-datepicker.pt-BR.js  (1ms)  (pid 6724)
Compiled bootstrap-datepicker/locales/bootstrap-datepicker.pt.js  (1ms)  (pid 6724)
Compiled bootstrap-datepicker/locales/bootstrap-datepicker.ru.js  (0ms)  (pid 6724)
Compiled bootstrap-datepicker/locales/bootstrap-datepicker.sl.js  (0ms)  (pid 6724)
Compiled bootstrap-datepicker/locales/bootstrap-datepicker.sv.js  (0ms)  (pid 6724)
Compiled bootstrap-datepicker/locales/bootstrap-datepicker.th.js  (0ms)  (pid 6724)
Compiled bootstrap-datepicker/locales/bootstrap-datepicker.tr.js  (0ms)  (pid 6724)
Compiled bootstrap-datepicker/locales/bootstrap-datepicker.zh-CN.js  (0ms)  (pid 6724)
Compiled bootstrap-datepicker/locales/bootstrap-datepicker.zh-TW.js  (0ms)  (pid 6724)
Compiled bootstrap-datepicker/index.js  (470ms)  (pid 6724)
Compiled tinymce/preinit.js  (1ms)  (pid 6724)
Compiled tinymce/tiny_mce_src.js  (6ms)  (pid 6724)
Compiled tinymce.js  (51ms)  (pid 6724)
Compiled application.js  (816ms)  (pid 6724)
Compiled bootstrap-datepicker.css  (0ms)  (pid 6724)
Compiled custom.css  (1838ms)  (pid 6724)
Compiled print.css  (5ms)  (pid 6724)
Compiled tinymce.css  (2ms)  (pid 6724)
Compiled application.css  (1886ms)  (pid 6724)
Compiled jquery.js  (20ms)  (pid 6620)
Compiled jquery_ujs.js  (0ms)  (pid 6620)
Compiled bootstrap-transition.js  (0ms)  (pid 6620)
Compiled bootstrap-affix.js  (1ms)  (pid 6620)
Compiled bootstrap-alert.js  (0ms)  (pid 6620)
Compiled bootstrap-button.js  (0ms)  (pid 6620)
Compiled bootstrap-carousel.js  (0ms)  (pid 6620)
Compiled bootstrap-collapse.js  (0ms)  (pid 6620)
Compiled bootstrap-dropdown.js  (0ms)  (pid 6620)
Compiled bootstrap-modal.js  (0ms)  (pid 6620)
Compiled bootstrap-scrollspy.js  (0ms)  (pid 6620)
Compiled bootstrap-tab.js  (0ms)  (pid 6620)
Compiled bootstrap-tooltip.js  (0ms)  (pid 6620)
Compiled bootstrap-popover.js  (0ms)  (pid 6620)
Compiled bootstrap-typeahead.js  (1ms)  (pid 6620)
Compiled bootstrap.js  (184ms)  (pid 6620)
Compiled bootstrap-datepicker/core.js  (0ms)  (pid 6620)
Compiled bootstrap-datepicker/locales/bootstrap-datepicker.bg.js  (1ms)  (pid 6620)
Compiled bootstrap-datepicker/locales/bootstrap-datepicker.br.js  (0ms)  (pid 6620)
Compiled bootstrap-datepicker/locales/bootstrap-datepicker.cs.js  (0ms)  (pid 6620)
Compiled bootstrap-datepicker/locales/bootstrap-datepicker.da.js  (0ms)  (pid 6620)
Compiled bootstrap-datepicker/locales/bootstrap-datepicker.de.js  (1ms)  (pid 6620)
Compiled bootstrap-datepicker/locales/bootstrap-datepicker.es.js  (0ms)  (pid 6620)
Compiled bootstrap-datepicker/locales/bootstrap-datepicker.fi.js  (0ms)  (pid 6620)
Compiled bootstrap-datepicker/locales/bootstrap-datepicker.fr.js  (0ms)  (pid 6620)
Compiled bootstrap-datepicker/locales/bootstrap-datepicker.id.js  (0ms)  (pid 6620)
Compiled bootstrap-datepicker/locales/bootstrap-datepicker.is.js  (0ms)  (pid 6620)
Compiled bootstrap-datepicker/locales/bootstrap-datepicker.it.js  (0ms)  (pid 6620)
Compiled bootstrap-datepicker/locales/bootstrap-datepicker.ja.js  (0ms)  (pid 6620)
Compiled bootstrap-datepicker/locales/bootstrap-datepicker.kr.js  (1ms)  (pid 6620)
Compiled bootstrap-datepicker/locales/bootstrap-datepicker.lt.js  (0ms)  (pid 6620)
Compiled bootstrap-datepicker/locales/bootstrap-datepicker.lv.js  (1ms)  (pid 6620)
Compiled bootstrap-datepicker/locales/bootstrap-datepicker.ms.js  (0ms)  (pid 6620)
Compiled bootstrap-datepicker/locales/bootstrap-datepicker.nb.js  (0ms)  (pid 6620)
Compiled bootstrap-datepicker/locales/bootstrap-datepicker.nl.js  (1ms)  (pid 6620)
Compiled bootstrap-datepicker/locales/bootstrap-datepicker.pl.js  (0ms)  (pid 6620)
Compiled bootstrap-datepicker/locales/bootstrap-datepicker.pt-BR.js  (0ms)  (pid 6620)
Compiled bootstrap-datepicker/locales/bootstrap-datepicker.pt.js  (1ms)  (pid 6620)
Compiled bootstrap-datepicker/locales/bootstrap-datepicker.ru.js  (0ms)  (pid 6620)
Compiled bootstrap-datepicker/locales/bootstrap-datepicker.sl.js  (0ms)  (pid 6620)
Compiled bootstrap-datepicker/locales/bootstrap-datepicker.sv.js  (2ms)  (pid 6620)
Compiled bootstrap-datepicker/locales/bootstrap-datepicker.th.js  (0ms)  (pid 6620)
Compiled bootstrap-datepicker/locales/bootstrap-datepicker.tr.js  (0ms)  (pid 6620)
Compiled bootstrap-datepicker/locales/bootstrap-datepicker.zh-CN.js  (1ms)  (pid 6620)
Compiled bootstrap-datepicker/locales/bootstrap-datepicker.zh-TW.js  (0ms)  (pid 6620)
Compiled bootstrap-datepicker/index.js  (377ms)  (pid 6620)
Compiled tinymce/preinit.js  (1ms)  (pid 6620)
Compiled tinymce/tiny_mce_src.js  (6ms)  (pid 6620)
Compiled tinymce.js  (46ms)  (pid 6620)
Compiled application.js  (693ms)  (pid 6620)
Compiled bootstrap-datepicker.css  (0ms)  (pid 6620)
Compiled custom.css  (1953ms)  (pid 6620)
Compiled print.css  (4ms)  (pid 6620)
Compiled tinymce.css  (1ms)  (pid 6620)
Compiled application.css  (1993ms)  (pid 6620)
Compiled jquery.js  (20ms)  (pid 3928)
Compiled jquery_ujs.js  (0ms)  (pid 3928)
Compiled bootstrap-transition.js  (0ms)  (pid 3928)
Compiled bootstrap-affix.js  (0ms)  (pid 3928)
Compiled bootstrap-alert.js  (0ms)  (pid 3928)
Compiled bootstrap-button.js  (0ms)  (pid 3928)
Compiled bootstrap-carousel.js  (0ms)  (pid 3928)
Compiled bootstrap-collapse.js  (0ms)  (pid 3928)
Compiled bootstrap-dropdown.js  (0ms)  (pid 3928)
Compiled bootstrap-modal.js  (0ms)  (pid 3928)
Compiled bootstrap-scrollspy.js  (1ms)  (pid 3928)
Compiled bootstrap-tab.js  (0ms)  (pid 3928)
Compiled bootstrap-tooltip.js  (0ms)  (pid 3928)
Compiled bootstrap-popover.js  (0ms)  (pid 3928)
Compiled bootstrap-typeahead.js  (0ms)  (pid 3928)
Compiled bootstrap.js  (174ms)  (pid 3928)
Compiled bootstrap-datepicker/core.js  (0ms)  (pid 3928)
Compiled bootstrap-datepicker/locales/bootstrap-datepicker.bg.js  (0ms)  (pid 3928)
Compiled bootstrap-datepicker/locales/bootstrap-datepicker.br.js  (0ms)  (pid 3928)
Compiled bootstrap-datepicker/locales/bootstrap-datepicker.cs.js  (0ms)  (pid 3928)
Compiled bootstrap-datepicker/locales/bootstrap-datepicker.da.js  (0ms)  (pid 3928)
Compiled bootstrap-datepicker/locales/bootstrap-datepicker.de.js  (1ms)  (pid 3928)
Compiled bootstrap-datepicker/locales/bootstrap-datepicker.es.js  (1ms)  (pid 3928)
Compiled bootstrap-datepicker/locales/bootstrap-datepicker.fi.js  (0ms)  (pid 3928)
Compiled bootstrap-datepicker/locales/bootstrap-datepicker.fr.js  (0ms)  (pid 3928)
Compiled bootstrap-datepicker/locales/bootstrap-datepicker.id.js  (1ms)  (pid 3928)
Compiled bootstrap-datepicker/locales/bootstrap-datepicker.is.js  (0ms)  (pid 3928)
Compiled bootstrap-datepicker/locales/bootstrap-datepicker.it.js  (0ms)  (pid 3928)
Compiled bootstrap-datepicker/locales/bootstrap-datepicker.ja.js  (0ms)  (pid 3928)
Compiled bootstrap-datepicker/locales/bootstrap-datepicker.kr.js  (0ms)  (pid 3928)
Compiled bootstrap-datepicker/locales/bootstrap-datepicker.lt.js  (0ms)  (pid 3928)
Compiled bootstrap-datepicker/locales/bootstrap-datepicker.lv.js  (0ms)  (pid 3928)
Compiled bootstrap-datepicker/locales/bootstrap-datepicker.ms.js  (0ms)  (pid 3928)
Compiled bootstrap-datepicker/locales/bootstrap-datepicker.nb.js  (0ms)  (pid 3928)
Compiled bootstrap-datepicker/locales/bootstrap-datepicker.nl.js  (0ms)  (pid 3928)
Compiled bootstrap-datepicker/locales/bootstrap-datepicker.pl.js  (0ms)  (pid 3928)
Compiled bootstrap-datepicker/locales/bootstrap-datepicker.pt-BR.js  (0ms)  (pid 3928)
Compiled bootstrap-datepicker/locales/bootstrap-datepicker.pt.js  (0ms)  (pid 3928)
Compiled bootstrap-datepicker/locales/bootstrap-datepicker.ru.js  (0ms)  (pid 3928)
Compiled bootstrap-datepicker/locales/bootstrap-datepicker.sl.js  (0ms)  (pid 3928)
Compiled bootstrap-datepicker/locales/bootstrap-datepicker.sv.js  (0ms)  (pid 3928)
Compiled bootstrap-datepicker/locales/bootstrap-datepicker.th.js  (0ms)  (pid 3928)
Compiled bootstrap-datepicker/locales/bootstrap-datepicker.tr.js  (0ms)  (pid 3928)
Compiled bootstrap-datepicker/locales/bootstrap-datepicker.zh-CN.js  (1ms)  (pid 3928)
Compiled bootstrap-datepicker/locales/bootstrap-datepicker.zh-TW.js  (0ms)  (pid 3928)
Compiled bootstrap-datepicker/index.js  (398ms)  (pid 3928)
Compiled tinymce/preinit.js  (0ms)  (pid 3928)
Compiled tinymce/tiny_mce_src.js  (6ms)  (pid 3928)
Compiled tinymce.js  (32ms)  (pid 3928)
Compiled application.js  (711ms)  (pid 3928)
Compiled bootstrap-datepicker.css  (0ms)  (pid 3928)
Compiled custom.css  (1853ms)  (pid 3928)
Compiled print.css  (3ms)  (pid 3928)
Compiled tinymce.css  (1ms)  (pid 3928)
Compiled application.css  (1896ms)  (pid 3928)
